Started GET "/" for 127.0.0.1 at 2018-03-17 21:43:34 -0400
Processing by Rails::WelcomeController#index as HTML
  Rendering /Users/jahongiramirkulov/.rvm/gems/ruby-2.4.1/gems/railties-5.1.5/lib/rails/templates/rails/welcome/index.html.erb
  Rendered /Users/jahongiramirkulov/.rvm/gems/ruby-2.4.1/gems/railties-5.1.5/lib/rails/templates/rails/welcome/index.html.erb (3.2ms)
Completed 200 OK in 237ms (Views: 9.6ms)


Started GET "/" for 127.0.0.1 at 2018-03-17 21:43:45 -0400
Processing by Rails::WelcomeController#index as HTML
  Rendering /Users/jahongiramirkulov/.rvm/gems/ruby-2.4.1/gems/railties-5.1.5/lib/rails/templates/rails/welcome/index.html.erb
  Rendered /Users/jahongiramirkulov/.rvm/gems/ruby-2.4.1/gems/railties-5.1.5/lib/rails/templates/rails/welcome/index.html.erb (3.0ms)
Completed 200 OK in 9ms (Views: 6.0ms)


Started GET "/index" for 127.0.0.1 at 2018-03-17 21:49:27 -0400
  
ActionController::RoutingError (No route matches [GET] "/index"):
  
actionpack (5.1.5) lib/action_dispatch/middleware/debug_exceptions.rb:63:in `call'
web-console (3.5.1) lib/web_console/middleware.rb:135:in `call_app'
web-console (3.5.1) lib/web_console/middleware.rb:28:in `block in call'
web-console (3.5.1) lib/web_console/middleware.rb:18:in `catch'
web-console (3.5.1) lib/web_console/middleware.rb:18:in `call'
actionpack (5.1.5) lib/action_dispatch/middleware/show_exceptions.rb:31:in `call'
railties (5.1.5) lib/rails/rack/logger.rb:36:in `call_app'
railties (5.1.5) lib/rails/rack/logger.rb:24:in `block in call'
activesupport (5.1.5) lib/active_support/tagged_logging.rb:69:in `block in tagged'
activesupport (5.1.5) lib/active_support/tagged_logging.rb:26:in `tagged'
activesupport (5.1.5) lib/active_support/tagged_logging.rb:69:in `tagged'
railties (5.1.5) lib/rails/rack/logger.rb:24:in `call'
sprockets-rails (3.2.1) lib/sprockets/rails/quiet_assets.rb:13:in `call'
actionpack (5.1.5) lib/action_dispatch/middleware/remote_ip.rb:79:in `call'
actionpack (5.1.5) lib/action_dispatch/middleware/request_id.rb:25:in `call'
rack (2.0.4) lib/rack/method_override.rb:22:in `call'
rack (2.0.4) lib/rack/runtime.rb:22:in `call'
activesupport (5.1.5) lib/active_support/cache/strategy/local_cache_middleware.rb:27:in `call'
actionpack (5.1.5) lib/action_dispatch/middleware/executor.rb:12:in `call'
actionpack (5.1.5) lib/action_dispatch/middleware/static.rb:125:in `call'
rack (2.0.4) lib/rack/sendfile.rb:111:in `call'
railties (5.1.5) lib/rails/engine.rb:522:in `call'
puma (3.11.3) lib/puma/configuration.rb:225:in `call'
puma (3.11.3) lib/puma/server.rb:624:in `handle_request'
puma (3.11.3) lib/puma/server.rb:438:in `process_client'
puma (3.11.3) lib/puma/server.rb:302:in `block in run'
puma (3.11.3) lib/puma/thread_pool.rb:120:in `block in spawn_thread'
Started GET "/index" for 127.0.0.1 at 2018-03-17 21:49:45 -0400
  
ActionController::RoutingError (No route matches [GET] "/index"):
  
actionpack (5.1.5) lib/action_dispatch/middleware/debug_exceptions.rb:63:in `call'
web-console (3.5.1) lib/web_console/middleware.rb:135:in `call_app'
web-console (3.5.1) lib/web_console/middleware.rb:28:in `block in call'
web-console (3.5.1) lib/web_console/middleware.rb:18:in `catch'
web-console (3.5.1) lib/web_console/middleware.rb:18:in `call'
actionpack (5.1.5) lib/action_dispatch/middleware/show_exceptions.rb:31:in `call'
railties (5.1.5) lib/rails/rack/logger.rb:36:in `call_app'
railties (5.1.5) lib/rails/rack/logger.rb:24:in `block in call'
activesupport (5.1.5) lib/active_support/tagged_logging.rb:69:in `block in tagged'
activesupport (5.1.5) lib/active_support/tagged_logging.rb:26:in `tagged'
activesupport (5.1.5) lib/active_support/tagged_logging.rb:69:in `tagged'
railties (5.1.5) lib/rails/rack/logger.rb:24:in `call'
sprockets-rails (3.2.1) lib/sprockets/rails/quiet_assets.rb:13:in `call'
actionpack (5.1.5) lib/action_dispatch/middleware/remote_ip.rb:79:in `call'
actionpack (5.1.5) lib/action_dispatch/middleware/request_id.rb:25:in `call'
rack (2.0.4) lib/rack/method_override.rb:22:in `call'
rack (2.0.4) lib/rack/runtime.rb:22:in `call'
activesupport (5.1.5) lib/active_support/cache/strategy/local_cache_middleware.rb:27:in `call'
actionpack (5.1.5) lib/action_dispatch/middleware/executor.rb:12:in `call'
actionpack (5.1.5) lib/action_dispatch/middleware/static.rb:125:in `call'
rack (2.0.4) lib/rack/sendfile.rb:111:in `call'
railties (5.1.5) lib/rails/engine.rb:522:in `call'
puma (3.11.3) lib/puma/configuration.rb:225:in `call'
puma (3.11.3) lib/puma/server.rb:624:in `handle_request'
puma (3.11.3) lib/puma/server.rb:438:in `process_client'
puma (3.11.3) lib/puma/server.rb:302:in `block in run'
puma (3.11.3) lib/puma/thread_pool.rb:120:in `block in spawn_thread'
Started GET "/" for 127.0.0.1 at 2018-03-17 21:49:55 -0400
Processing by WelcomeController#index as HTML
  Rendering welcome/index.html.erb within layouts/application
  Rendered welcome/index.html.erb within layouts/application (0.5ms)
Completed 200 OK in 449ms (Views: 445.8ms)


Started GET "/" for 127.0.0.1 at 2018-03-17 21:52:51 -0400
Processing by WelcomeController#index as HTML
  Rendering welcome/index.html.erb within layouts/application
  Rendered welcome/index.html.erb within layouts/application (0.9ms)
Completed 200 OK in 31ms (Views: 26.3ms)


Started GET "/welcome/index" for 127.0.0.1 at 2018-03-17 21:53:30 -0400
Processing by WelcomeController#index as HTML
  Rendering welcome/index.html.erb within layouts/application
  Rendered welcome/index.html.erb within layouts/application (0.5ms)
Completed 200 OK in 22ms (Views: 18.5ms)


DEPRECATION WARNING: Using a dynamic :controller segment in a route is deprecated and will be removed in Rails 5.2. (called from block in <top (required)> at /Users/jahongiramirkulov/Desktop/sandbox/rubyonrailstutorial/readit/config/routes.rb:3)
DEPRECATION WARNING: Using a dynamic :action segment in a route is deprecated and will be removed in Rails 5.2. (called from block in <top (required)> at /Users/jahongiramirkulov/Desktop/sandbox/rubyonrailstutorial/readit/config/routes.rb:3)
Started GET "/welcome/sample" for 127.0.0.1 at 2018-03-17 21:56:13 -0400
DEPRECATION WARNING: Using a dynamic :controller segment in a route is deprecated and will be removed in Rails 5.2. (called from block in <top (required)> at /Users/jahongiramirkulov/Desktop/sandbox/rubyonrailstutorial/readit/config/routes.rb:3)
DEPRECATION WARNING: Using a dynamic :action segment in a route is deprecated and will be removed in Rails 5.2. (called from block in <top (required)> at /Users/jahongiramirkulov/Desktop/sandbox/rubyonrailstutorial/readit/config/routes.rb:3)
Processing by WelcomeController#sample as HTML
  Rendering welcome/sample.html.erb within layouts/application
  Rendered welcome/sample.html.erb within layouts/application (0.4ms)
Completed 200 OK in 20ms (Views: 17.7ms)


Started GET "/welcome/sample" for 127.0.0.1 at 2018-03-17 21:58:13 -0400
DEPRECATION WARNING: Using a dynamic :controller segment in a route is deprecated and will be removed in Rails 5.2. (called from block in <top (required)> at /Users/jahongiramirkulov/Desktop/sandbox/rubyonrailstutorial/readit/config/routes.rb:3)
DEPRECATION WARNING: Using a dynamic :action segment in a route is deprecated and will be removed in Rails 5.2. (called from block in <top (required)> at /Users/jahongiramirkulov/Desktop/sandbox/rubyonrailstutorial/readit/config/routes.rb:3)
Processing by WelcomeController#sample as HTML
  Rendering welcome/sample.html.erb within layouts/application
  Rendered welcome/sample.html.erb within layouts/application (0.4ms)
Completed 200 OK in 21ms (Views: 18.3ms)


Started GET "/welcome/sample" for 127.0.0.1 at 2018-03-17 21:58:40 -0400
Processing by WelcomeController#sample as HTML
  Rendering welcome/sample.html.erb within layouts/application
  Rendered welcome/sample.html.erb within layouts/application (0.4ms)
Completed 200 OK in 20ms (Views: 18.0ms)


Started GET "/welcome/sample" for 127.0.0.1 at 2018-03-17 21:58:44 -0400
Processing by WelcomeController#sample as HTML
  Rendering welcome/sample.html.erb within layouts/application
  Rendered welcome/sample.html.erb within layouts/application (0.4ms)
Completed 200 OK in 18ms (Views: 16.2ms)


Started GET "/welcome/sample" for 127.0.0.1 at 2018-03-17 21:58:44 -0400
Processing by WelcomeController#sample as HTML
  Rendering welcome/sample.html.erb within layouts/application
  Rendered welcome/sample.html.erb within layouts/application (0.5ms)
Completed 200 OK in 19ms (Views: 16.2ms)


Started GET "/welcome/sample" for 127.0.0.1 at 2018-03-17 21:58:44 -0400
Processing by WelcomeController#sample as HTML
  Rendering welcome/sample.html.erb within layouts/application
  Rendered welcome/sample.html.erb within layouts/application (0.4ms)
Completed 200 OK in 21ms (Views: 17.9ms)


Started GET "/welcome/sample" for 127.0.0.1 at 2018-03-17 21:58:44 -0400
Processing by WelcomeController#sample as HTML
  Rendering welcome/sample.html.erb within layouts/application
  Rendered welcome/sample.html.erb within layouts/application (0.5ms)
Completed 200 OK in 22ms (Views: 19.4ms)


Started GET "/welcome/sample" for 127.0.0.1 at 2018-03-17 21:58:45 -0400
Processing by WelcomeController#sample as HTML
  Rendering welcome/sample.html.erb within layouts/application
  Rendered welcome/sample.html.erb within layouts/application (0.6ms)
Completed 200 OK in 27ms (Views: 23.2ms)


Started GET "/welcome/sample" for 127.0.0.1 at 2018-03-17 21:58:45 -0400
Processing by WelcomeController#sample as HTML
  Rendering welcome/sample.html.erb within layouts/application
  Rendered welcome/sample.html.erb within layouts/application (0.7ms)
Completed 200 OK in 48ms (Views: 43.3ms)


Started GET "/welcome/sample" for 127.0.0.1 at 2018-03-17 21:58:54 -0400
DEPRECATION WARNING: Using a dynamic :controller segment in a route is deprecated and will be removed in Rails 5.2. (called from block in <top (required)> at /Users/jahongiramirkulov/Desktop/sandbox/rubyonrailstutorial/readit/config/routes.rb:3)
DEPRECATION WARNING: Using a dynamic :action segment in a route is deprecated and will be removed in Rails 5.2. (called from block in <top (required)> at /Users/jahongiramirkulov/Desktop/sandbox/rubyonrailstutorial/readit/config/routes.rb:3)
Processing by WelcomeController#sample as HTML
  Rendering welcome/sample.html.erb within layouts/application
  Rendered welcome/sample.html.erb within layouts/application (0.4ms)
Completed 200 OK in 30ms (Views: 27.2ms)


Started GET "/welcome/sample" for 127.0.0.1 at 2018-03-17 22:02:17 -0400
DEPRECATION WARNING: Using a dynamic :controller segment in a route is deprecated and will be removed in Rails 5.2. (called from block in <top (required)> at /Users/jahongiramirkulov/Desktop/sandbox/rubyonrailstutorial/readit/config/routes.rb:3)
DEPRECATION WARNING: Using a dynamic :action segment in a route is deprecated and will be removed in Rails 5.2. (called from block in <top (required)> at /Users/jahongiramirkulov/Desktop/sandbox/rubyonrailstutorial/readit/config/routes.rb:3)
Processing by WelcomeController#sample as HTML
  Rendering welcome/sample.html.erb within layouts/application
  Rendered welcome/sample.html.erb within layouts/application (0.7ms)
Completed 200 OK in 28ms (Views: 24.8ms)


Started GET "/welcome/sample" for 127.0.0.1 at 2018-03-17 22:02:28 -0400
Processing by WelcomeController#sample as HTML
  Rendering welcome/sample.html.erb within layouts/application
  Rendered welcome/sample.html.erb within layouts/application (1.0ms)
Completed 200 OK in 28ms (Views: 25.6ms)


Started GET "/" for 127.0.0.1 at 2018-03-17 22:02:29 -0400
Processing by WelcomeController#index as HTML
  Rendering welcome/index.html.erb within layouts/application
  Rendered welcome/index.html.erb within layouts/application (0.9ms)
Completed 200 OK in 38ms (Views: 35.0ms)


Started GET "/welcome/sample" for 127.0.0.1 at 2018-03-17 22:03:19 -0400
Processing by WelcomeController#sample as HTML
  Rendering welcome/sample.html.erb within layouts/application
  Rendered welcome/sample.html.erb within layouts/application (0.6ms)
Completed 200 OK in 21ms (Views: 18.8ms)


Started GET "/" for 127.0.0.1 at 2018-03-17 22:03:21 -0400
Processing by WelcomeController#index as HTML
  Rendering welcome/index.html.erb within layouts/application
  Rendered welcome/index.html.erb within layouts/application (0.8ms)
Completed 200 OK in 58ms (Views: 54.8ms)


Started GET "/welcome/sample" for 127.0.0.1 at 2018-03-17 22:04:10 -0400
Processing by WelcomeController#sample as HTML
  Rendering welcome/sample.html.erb within layouts/application
  Rendered welcome/sample.html.erb within layouts/application (0.6ms)
Completed 200 OK in 22ms (Views: 19.5ms)


Started GET "/?id=5&random=Jahongir" for 127.0.0.1 at 2018-03-17 22:04:11 -0400
Processing by WelcomeController#index as HTML
  Parameters: {"id"=>"5", "random"=>"Jahongir"}
  Rendering welcome/index.html.erb within layouts/application
  Rendered welcome/index.html.erb within layouts/application (0.9ms)
Completed 200 OK in 41ms (Views: 36.2ms)


Started GET "/?id=5&random=Jahongir" for 127.0.0.1 at 2018-03-17 22:08:58 -0400
DEPRECATION WARNING: Using a dynamic :controller segment in a route is deprecated and will be removed in Rails 5.2. (called from block in <top (required)> at /Users/jahongiramirkulov/Desktop/sandbox/rubyonrailstutorial/readit/config/routes.rb:3)
DEPRECATION WARNING: Using a dynamic :action segment in a route is deprecated and will be removed in Rails 5.2. (called from block in <top (required)> at /Users/jahongiramirkulov/Desktop/sandbox/rubyonrailstutorial/readit/config/routes.rb:3)
Processing by WelcomeController#index as HTML
  Parameters: {"id"=>"5", "random"=>"Jahongir"}
  Rendering welcome/index.html.erb within layouts/application
  Rendered welcome/index.html.erb within layouts/application (0.8ms)
Completed 500 Internal Server Error in 10ms


  
SyntaxError (/Users/jahongiramirkulov/Desktop/sandbox/rubyonrailstutorial/readit/app/views/welcome/index.html.erb:21: syntax error, unexpected keyword_ensure, expecting keyword_end
          ensure
                ^
/Users/jahongiramirkulov/Desktop/sandbox/rubyonrailstutorial/readit/app/views/welcome/index.html.erb:23: syntax error, unexpected end-of-input, expecting keyword_end):
  
app/views/welcome/index.html.erb:21: syntax error, unexpected keyword_ensure, expecting keyword_end
app/views/welcome/index.html.erb:23: syntax error, unexpected end-of-input, expecting keyword_end
Started GET "/?id=5&random=Jahongir" for 127.0.0.1 at 2018-03-17 22:09:35 -0400
Processing by WelcomeController#index as HTML
  Parameters: {"id"=>"5", "random"=>"Jahongir"}
  Rendering welcome/index.html.erb within layouts/application
  Rendered welcome/index.html.erb within layouts/application (0.7ms)
Completed 500 Internal Server Error in 10ms


  
SyntaxError (/Users/jahongiramirkulov/Desktop/sandbox/rubyonrailstutorial/readit/app/views/welcome/index.html.erb:17: syntax error, unexpected keyword_ensure, expecting keyword_end
          ensure
                ^
/Users/jahongiramirkulov/Desktop/sandbox/rubyonrailstutorial/readit/app/views/welcome/index.html.erb:19: syntax error, unexpected end-of-input, expecting keyword_end):
  
app/views/welcome/index.html.erb:17: syntax error, unexpected keyword_ensure, expecting keyword_end
app/views/welcome/index.html.erb:19: syntax error, unexpected end-of-input, expecting keyword_end
Started GET "/welcome/sample" for 127.0.0.1 at 2018-03-17 22:10:16 -0400
Processing by WelcomeController#sample as HTML
  Rendering welcome/sample.html.erb within layouts/application
  Rendered welcome/sample.html.erb within layouts/application (0.8ms)
Completed 200 OK in 21ms (Views: 18.6ms)


Started GET "/?id=5&random=Jahongir" for 127.0.0.1 at 2018-03-17 22:10:18 -0400
Processing by WelcomeController#index as HTML
  Parameters: {"id"=>"5", "random"=>"Jahongir"}
  Rendering welcome/index.html.erb within layouts/application
  Rendered welcome/index.html.erb within layouts/application (1.5ms)
Completed 500 Internal Server Error in 16ms


  
SyntaxError (/Users/jahongiramirkulov/Desktop/sandbox/rubyonrailstutorial/readit/app/views/welcome/index.html.erb:17: syntax error, unexpected keyword_ensure, expecting keyword_end
          ensure
                ^
/Users/jahongiramirkulov/Desktop/sandbox/rubyonrailstutorial/readit/app/views/welcome/index.html.erb:19: syntax error, unexpected end-of-input, expecting keyword_end):
  
app/views/welcome/index.html.erb:17: syntax error, unexpected keyword_ensure, expecting keyword_end
app/views/welcome/index.html.erb:19: syntax error, unexpected end-of-input, expecting keyword_end
Started GET "/?id=5&random=Jahongir" for 127.0.0.1 at 2018-03-17 22:11:53 -0400
Processing by WelcomeController#index as HTML
  Parameters: {"id"=>"5", "random"=>"Jahongir"}
  Rendering welcome/index.html.erb within layouts/application
  Rendered welcome/index.html.erb within layouts/application (0.5ms)
Completed 200 OK in 22ms (Views: 18.7ms)


DEPRECATION WARNING: Using a dynamic :controller segment in a route is deprecated and will be removed in Rails 5.2. (called from block in <top (required)> at /Users/jahongiramirkulov/Desktop/sandbox/rubyonrailstutorial/readit/config/routes.rb:3)
DEPRECATION WARNING: Using a dynamic :action segment in a route is deprecated and will be removed in Rails 5.2. (called from block in <top (required)> at /Users/jahongiramirkulov/Desktop/sandbox/rubyonrailstutorial/readit/config/routes.rb:3)
DEPRECATION WARNING: Using a dynamic :controller segment in a route is deprecated and will be removed in Rails 5.2. (called from block in <top (required)> at /Users/jahongiramirkulov/Desktop/sandbox/rubyonrailstutorial/readit/config/routes.rb:3)
DEPRECATION WARNING: Using a dynamic :action segment in a route is deprecated and will be removed in Rails 5.2. (called from block in <top (required)> at /Users/jahongiramirkulov/Desktop/sandbox/rubyonrailstutorial/readit/config/routes.rb:3)
DEPRECATION WARNING: Using a dynamic :controller segment in a route is deprecated and will be removed in Rails 5.2. (called from block in <top (required)> at /Users/jahongiramirkulov/Desktop/sandbox/rubyonrailstutorial/readit/config/routes.rb:3)
DEPRECATION WARNING: Using a dynamic :action segment in a route is deprecated and will be removed in Rails 5.2. (called from block in <top (required)> at /Users/jahongiramirkulov/Desktop/sandbox/rubyonrailstutorial/readit/config/routes.rb:3)
DEPRECATION WARNING: Using a dynamic :controller segment in a route is deprecated and will be removed in Rails 5.2. (called from block in <top (required)> at /Users/jahongiramirkulov/Desktop/sandbox/rubyonrailstutorial/readit/config/routes.rb:3)
DEPRECATION WARNING: Using a dynamic :action segment in a route is deprecated and will be removed in Rails 5.2. (called from block in <top (required)> at /Users/jahongiramirkulov/Desktop/sandbox/rubyonrailstutorial/readit/config/routes.rb:3)
  [1m[35m (0.5ms)[0m  [1m[35mSET NAMES utf8,  @@SESSION.sql_mode = CONCAT(CONCAT(@@sql_mode, ',STRICT_ALL_TABLES'), ',NO_AUTO_VALUE_ON_ZERO'),  @@SESSION.sql_auto_is_null = 0, @@SESSION.wait_timeout = 2147483[0m
DEPRECATION WARNING: Using a dynamic :controller segment in a route is deprecated and will be removed in Rails 5.2. (called from block in <top (required)> at /Users/jahongiramirkulov/Desktop/sandbox/rubyonrailstutorial/readit/config/routes.rb:3)
DEPRECATION WARNING: Using a dynamic :action segment in a route is deprecated and will be removed in Rails 5.2. (called from block in <top (required)> at /Users/jahongiramirkulov/Desktop/sandbox/rubyonrailstutorial/readit/config/routes.rb:3)
DEPRECATION WARNING: Using a dynamic :controller segment in a route is deprecated and will be removed in Rails 5.2. (called from block in <top (required)> at /Users/jahongiramirkulov/Desktop/sandbox/rubyonrailstutorial/readit/config/routes.rb:3)
DEPRECATION WARNING: Using a dynamic :action segment in a route is deprecated and will be removed in Rails 5.2. (called from block in <top (required)> at /Users/jahongiramirkulov/Desktop/sandbox/rubyonrailstutorial/readit/config/routes.rb:3)
  [1m[35m (0.4ms)[0m  [1m[35mSET NAMES utf8,  @@SESSION.sql_mode = CONCAT(CONCAT(@@sql_mode, ',STRICT_ALL_TABLES'), ',NO_AUTO_VALUE_ON_ZERO'),  @@SESSION.sql_auto_is_null = 0, @@SESSION.wait_timeout = 2147483[0m
  [1m[35m (46.8ms)[0m  [1m[35mCREATE TABLE `schema_migrations` (`version` varchar(255) NOT NULL PRIMARY KEY) ENGINE=InnoDB[0m
  [1m[35m (85.0ms)[0m  [1m[35mCREATE TABLE `ar_internal_metadata` (`key` varchar(255) NOT NULL PRIMARY KEY, `value` varchar(255), `created_at` datetime NOT NULL, `updated_at` datetime NOT NULL) ENGINE=InnoDB[0m
  [1m[35m (0.2ms)[0m  [1m[34mSELECT GET_LOCK('7131372650857082250', 0)[0m
  [1m[35m (0.2ms)[0m  [1m[34mSELECT `schema_migrations`.`version` FROM `schema_migrations` ORDER BY `schema_migrations`.`version` ASC[0m
Migrating to CreateUsers (20180318022658)
  [1m[35m (0.3ms)[0m  [1m[34mSELECT RELEASE_LOCK('7131372650857082250')[0m
DEPRECATION WARNING: Using a dynamic :controller segment in a route is deprecated and will be removed in Rails 5.2. (called from block in <top (required)> at /Users/jahongiramirkulov/Desktop/sandbox/rubyonrailstutorial/readit/config/routes.rb:3)
DEPRECATION WARNING: Using a dynamic :action segment in a route is deprecated and will be removed in Rails 5.2. (called from block in <top (required)> at /Users/jahongiramirkulov/Desktop/sandbox/rubyonrailstutorial/readit/config/routes.rb:3)
  [1m[35m (0.4ms)[0m  [1m[35mSET NAMES utf8,  @@SESSION.sql_mode = CONCAT(CONCAT(@@sql_mode, ',STRICT_ALL_TABLES'), ',NO_AUTO_VALUE_ON_ZERO'),  @@SESSION.sql_auto_is_null = 0, @@SESSION.wait_timeout = 2147483[0m
  [1m[35m (0.2ms)[0m  [1m[34mSELECT GET_LOCK('7131372650857082250', 0)[0m
  [1m[35m (0.2ms)[0m  [1m[34mSELECT `schema_migrations`.`version` FROM `schema_migrations` ORDER BY `schema_migrations`.`version` ASC[0m
Migrating to CreateUsers (20180318022658)
  [1m[35m (0.2ms)[0m  [1m[34mSELECT RELEASE_LOCK('7131372650857082250')[0m
DEPRECATION WARNING: Using a dynamic :controller segment in a route is deprecated and will be removed in Rails 5.2. (called from block in <top (required)> at /Users/jahongiramirkulov/Desktop/sandbox/rubyonrailstutorial/readit/config/routes.rb:3)
DEPRECATION WARNING: Using a dynamic :action segment in a route is deprecated and will be removed in Rails 5.2. (called from block in <top (required)> at /Users/jahongiramirkulov/Desktop/sandbox/rubyonrailstutorial/readit/config/routes.rb:3)
  [1m[35m (0.4ms)[0m  [1m[35mSET NAMES utf8,  @@SESSION.sql_mode = CONCAT(CONCAT(@@sql_mode, ',STRICT_ALL_TABLES'), ',NO_AUTO_VALUE_ON_ZERO'),  @@SESSION.sql_auto_is_null = 0, @@SESSION.wait_timeout = 2147483[0m
  [1m[35m (0.1ms)[0m  [1m[34mSELECT GET_LOCK('7131372650857082250', 0)[0m
  [1m[35m (0.2ms)[0m  [1m[34mSELECT `schema_migrations`.`version` FROM `schema_migrations` ORDER BY `schema_migrations`.`version` ASC[0m
Migrating to CreateUsers (20180318022658)
  [1m[35m (0.2ms)[0m  [1m[34mSELECT RELEASE_LOCK('7131372650857082250')[0m
DEPRECATION WARNING: Using a dynamic :controller segment in a route is deprecated and will be removed in Rails 5.2. (called from block in <top (required)> at /Users/jahongiramirkulov/Desktop/sandbox/rubyonrailstutorial/readit/config/routes.rb:3)
DEPRECATION WARNING: Using a dynamic :action segment in a route is deprecated and will be removed in Rails 5.2. (called from block in <top (required)> at /Users/jahongiramirkulov/Desktop/sandbox/rubyonrailstutorial/readit/config/routes.rb:3)
  [1m[35m (0.4ms)[0m  [1m[35mSET NAMES utf8,  @@SESSION.sql_mode = CONCAT(CONCAT(@@sql_mode, ',STRICT_ALL_TABLES'), ',NO_AUTO_VALUE_ON_ZERO'),  @@SESSION.sql_auto_is_null = 0, @@SESSION.wait_timeout = 2147483[0m
  [1m[35m (0.1ms)[0m  [1m[34mSELECT GET_LOCK('7131372650857082250', 0)[0m
  [1m[35m (0.3ms)[0m  [1m[34mSELECT `schema_migrations`.`version` FROM `schema_migrations` ORDER BY `schema_migrations`.`version` ASC[0m
Migrating to CreateUsers (20180318022658)
  [1m[35m (0.2ms)[0m  [1m[34mSELECT RELEASE_LOCK('7131372650857082250')[0m
DEPRECATION WARNING: Using a dynamic :controller segment in a route is deprecated and will be removed in Rails 5.2. (called from block in <top (required)> at /Users/jahongiramirkulov/Desktop/sandbox/rubyonrailstutorial/readit/config/routes.rb:3)
DEPRECATION WARNING: Using a dynamic :action segment in a route is deprecated and will be removed in Rails 5.2. (called from block in <top (required)> at /Users/jahongiramirkulov/Desktop/sandbox/rubyonrailstutorial/readit/config/routes.rb:3)
  [1m[35m (0.4ms)[0m  [1m[35mSET NAMES utf8,  @@SESSION.sql_mode = CONCAT(CONCAT(@@sql_mode, ',STRICT_ALL_TABLES'), ',NO_AUTO_VALUE_ON_ZERO'),  @@SESSION.sql_auto_is_null = 0, @@SESSION.wait_timeout = 2147483[0m
  [1m[35m (0.2ms)[0m  [1m[34mSELECT GET_LOCK('7131372650857082250', 0)[0m
  [1m[35m (0.3ms)[0m  [1m[34mSELECT `schema_migrations`.`version` FROM `schema_migrations` ORDER BY `schema_migrations`.`version` ASC[0m
Migrating to CreateUsers (20180318022658)
  [1m[35m (0.2ms)[0m  [1m[34mSELECT RELEASE_LOCK('7131372650857082250')[0m
DEPRECATION WARNING: Using a dynamic :controller segment in a route is deprecated and will be removed in Rails 5.2. (called from block in <top (required)> at /Users/jahongiramirkulov/Desktop/sandbox/rubyonrailstutorial/readit/config/routes.rb:3)
DEPRECATION WARNING: Using a dynamic :action segment in a route is deprecated and will be removed in Rails 5.2. (called from block in <top (required)> at /Users/jahongiramirkulov/Desktop/sandbox/rubyonrailstutorial/readit/config/routes.rb:3)
  [1m[35m (0.3ms)[0m  [1m[35mSET NAMES utf8,  @@SESSION.sql_mode = CONCAT(CONCAT(@@sql_mode, ',STRICT_ALL_TABLES'), ',NO_AUTO_VALUE_ON_ZERO'),  @@SESSION.sql_auto_is_null = 0, @@SESSION.wait_timeout = 2147483[0m
  [1m[35m (0.1ms)[0m  [1m[34mSELECT GET_LOCK('7131372650857082250', 0)[0m
  [1m[35m (0.3ms)[0m  [1m[34mSELECT `schema_migrations`.`version` FROM `schema_migrations` ORDER BY `schema_migrations`.`version` ASC[0m
Migrating to CreateUsers (20180318022658)
  [1m[35m (46.3ms)[0m  [1m[35mCREATE TABLE `users` (`id` bigint NOT NULL AUTO_INCREMENT PRIMARY KEY, `emails` varchar(50) NOT NULL, `password` varchar(30) NOT NULL, `created_at` datetime NOT NULL, `updated_at` datetime NOT NULL) ENGINE=InnoDB[0m
  [1m[35m (0.2ms)[0m  [1m[35mBEGIN[0m
  [1m[35mSQL (0.4ms)[0m  [1m[32mINSERT INTO `schema_migrations` (`version`) VALUES ('20180318022658')[0m
  [1m[35m (0.4ms)[0m  [1m[35mCOMMIT[0m
  [1m[36mActiveRecord::InternalMetadata Load (0.3ms)[0m  [1m[34mSELECT  `ar_internal_metadata`.* FROM `ar_internal_metadata` WHERE `ar_internal_metadata`.`key` = 'environment' LIMIT 1[0m
  [1m[35m (0.2ms)[0m  [1m[35mBEGIN[0m
  [1m[35mSQL (0.3ms)[0m  [1m[32mINSERT INTO `ar_internal_metadata` (`key`, `value`, `created_at`, `updated_at`) VALUES ('environment', 'development', '2018-03-18 02:34:40', '2018-03-18 02:34:40')[0m
  [1m[35m (0.4ms)[0m  [1m[35mCOMMIT[0m
  [1m[35m (0.2ms)[0m  [1m[34mSELECT RELEASE_LOCK('7131372650857082250')[0m
  [1m[35m (0.5ms)[0m  [1m[34mSELECT `schema_migrations`.`version` FROM `schema_migrations` ORDER BY `schema_migrations`.`version` ASC[0m
DEPRECATION WARNING: Using a dynamic :controller segment in a route is deprecated and will be removed in Rails 5.2. (called from block in <top (required)> at /Users/jahongiramirkulov/Desktop/sandbox/rubyonrailstutorial/readit/config/routes.rb:3)
DEPRECATION WARNING: Using a dynamic :action segment in a route is deprecated and will be removed in Rails 5.2. (called from block in <top (required)> at /Users/jahongiramirkulov/Desktop/sandbox/rubyonrailstutorial/readit/config/routes.rb:3)
DEPRECATION WARNING: Using a dynamic :controller segment in a route is deprecated and will be removed in Rails 5.2. (called from block in <top (required)> at /Users/jahongiramirkulov/Desktop/sandbox/rubyonrailstutorial/readit/config/routes.rb:3)
DEPRECATION WARNING: Using a dynamic :action segment in a route is deprecated and will be removed in Rails 5.2. (called from block in <top (required)> at /Users/jahongiramirkulov/Desktop/sandbox/rubyonrailstutorial/readit/config/routes.rb:3)
  [1m[35m (0.3ms)[0m  [1m[35mSET NAMES utf8,  @@SESSION.sql_mode = CONCAT(CONCAT(@@sql_mode, ',STRICT_ALL_TABLES'), ',NO_AUTO_VALUE_ON_ZERO'),  @@SESSION.sql_auto_is_null = 0, @@SESSION.wait_timeout = 2147483[0m
  [1m[35m (0.1ms)[0m  [1m[34mSELECT GET_LOCK('7131372650857082250', 0)[0m
  [1m[35m (0.3ms)[0m  [1m[34mSELECT `schema_migrations`.`version` FROM `schema_migrations` ORDER BY `schema_migrations`.`version` ASC[0m
  [1m[36mActiveRecord::InternalMetadata Load (0.3ms)[0m  [1m[34mSELECT  `ar_internal_metadata`.* FROM `ar_internal_metadata` WHERE `ar_internal_metadata`.`key` = 'environment' LIMIT 1[0m
  [1m[35m (0.2ms)[0m  [1m[35mBEGIN[0m
  [1m[35m (0.2ms)[0m  [1m[35mCOMMIT[0m
  [1m[35m (0.2ms)[0m  [1m[34mSELECT RELEASE_LOCK('7131372650857082250')[0m
  [1m[35m (0.2ms)[0m  [1m[34mSELECT `schema_migrations`.`version` FROM `schema_migrations` ORDER BY `schema_migrations`.`version` ASC[0m
DEPRECATION WARNING: Using a dynamic :controller segment in a route is deprecated and will be removed in Rails 5.2. (called from block in <top (required)> at /Users/jahongiramirkulov/Desktop/sandbox/rubyonrailstutorial/readit/config/routes.rb:3)
DEPRECATION WARNING: Using a dynamic :action segment in a route is deprecated and will be removed in Rails 5.2. (called from block in <top (required)> at /Users/jahongiramirkulov/Desktop/sandbox/rubyonrailstutorial/readit/config/routes.rb:3)
  [1m[35m (0.4ms)[0m  [1m[35mSET NAMES utf8,  @@SESSION.sql_mode = CONCAT(CONCAT(@@sql_mode, ',STRICT_ALL_TABLES'), ',NO_AUTO_VALUE_ON_ZERO'),  @@SESSION.sql_auto_is_null = 0, @@SESSION.wait_timeout = 2147483[0m
  [1m[35m (0.2ms)[0m  [1m[34mSELECT GET_LOCK('7131372650857082250', 0)[0m
  [1m[35m (0.3ms)[0m  [1m[34mSELECT `schema_migrations`.`version` FROM `schema_migrations` ORDER BY `schema_migrations`.`version` ASC[0m
  [1m[36mActiveRecord::InternalMetadata Load (0.3ms)[0m  [1m[34mSELECT  `ar_internal_metadata`.* FROM `ar_internal_metadata` WHERE `ar_internal_metadata`.`key` = 'environment' LIMIT 1[0m
  [1m[35m (0.2ms)[0m  [1m[35mBEGIN[0m
  [1m[35m (0.2ms)[0m  [1m[35mCOMMIT[0m
  [1m[35m (0.2ms)[0m  [1m[34mSELECT RELEASE_LOCK('7131372650857082250')[0m
  [1m[35m (0.2ms)[0m  [1m[34mSELECT `schema_migrations`.`version` FROM `schema_migrations` ORDER BY `schema_migrations`.`version` ASC[0m
DEPRECATION WARNING: Using a dynamic :controller segment in a route is deprecated and will be removed in Rails 5.2. (called from block in <top (required)> at /Users/jahongiramirkulov/Desktop/sandbox/rubyonrailstutorial/readit/config/routes.rb:3)
DEPRECATION WARNING: Using a dynamic :action segment in a route is deprecated and will be removed in Rails 5.2. (called from block in <top (required)> at /Users/jahongiramirkulov/Desktop/sandbox/rubyonrailstutorial/readit/config/routes.rb:3)
  [1m[35m (0.4ms)[0m  [1m[35mSET NAMES utf8,  @@SESSION.sql_mode = CONCAT(CONCAT(@@sql_mode, ',STRICT_ALL_TABLES'), ',NO_AUTO_VALUE_ON_ZERO'),  @@SESSION.sql_auto_is_null = 0, @@SESSION.wait_timeout = 2147483[0m
  [1m[35m (0.3ms)[0m  [1m[34mSELECT `schema_migrations`.`version` FROM `schema_migrations` ORDER BY `schema_migrations`.`version` ASC[0m
  [1m[35m (0.3ms)[0m  [1m[34mSELECT `schema_migrations`.`version` FROM `schema_migrations` ORDER BY `schema_migrations`.`version` ASC[0m
  [1m[35m (0.2ms)[0m  [1m[34mSELECT GET_LOCK('7131372650857082250', 0)[0m
  [1m[35m (0.2ms)[0m  [1m[34mSELECT `schema_migrations`.`version` FROM `schema_migrations` ORDER BY `schema_migrations`.`version` ASC[0m
Migrating to CreateUsers (20180318022658)
  [1m[35m (45.9ms)[0m  [1m[35mDROP TABLE `users`[0m
  [1m[35mSQL (1.5ms)[0m  [1m[31mDELETE FROM `schema_migrations` WHERE `schema_migrations`.`version` = '20180318022658'[0m
  [1m[35m (0.3ms)[0m  [1m[34mSELECT RELEASE_LOCK('7131372650857082250')[0m
  [1m[35m (1.6ms)[0m  [1m[34mSELECT `schema_migrations`.`version` FROM `schema_migrations` ORDER BY `schema_migrations`.`version` ASC[0m
DEPRECATION WARNING: Using a dynamic :controller segment in a route is deprecated and will be removed in Rails 5.2. (called from block in <top (required)> at /Users/jahongiramirkulov/Desktop/sandbox/rubyonrailstutorial/readit/config/routes.rb:3)
DEPRECATION WARNING: Using a dynamic :action segment in a route is deprecated and will be removed in Rails 5.2. (called from block in <top (required)> at /Users/jahongiramirkulov/Desktop/sandbox/rubyonrailstutorial/readit/config/routes.rb:3)
  [1m[35m (0.4ms)[0m  [1m[35mSET NAMES utf8,  @@SESSION.sql_mode = CONCAT(CONCAT(@@sql_mode, ',STRICT_ALL_TABLES'), ',NO_AUTO_VALUE_ON_ZERO'),  @@SESSION.sql_auto_is_null = 0, @@SESSION.wait_timeout = 2147483[0m
  [1m[35m (0.3ms)[0m  [1m[34mSELECT `schema_migrations`.`version` FROM `schema_migrations` ORDER BY `schema_migrations`.`version` ASC[0m
DEPRECATION WARNING: Using a dynamic :controller segment in a route is deprecated and will be removed in Rails 5.2. (called from block in <top (required)> at /Users/jahongiramirkulov/Desktop/sandbox/rubyonrailstutorial/readit/config/routes.rb:3)
DEPRECATION WARNING: Using a dynamic :action segment in a route is deprecated and will be removed in Rails 5.2. (called from block in <top (required)> at /Users/jahongiramirkulov/Desktop/sandbox/rubyonrailstutorial/readit/config/routes.rb:3)
  [1m[35m (0.4ms)[0m  [1m[35mSET NAMES utf8,  @@SESSION.sql_mode = CONCAT(CONCAT(@@sql_mode, ',STRICT_ALL_TABLES'), ',NO_AUTO_VALUE_ON_ZERO'),  @@SESSION.sql_auto_is_null = 0, @@SESSION.wait_timeout = 2147483[0m
  [1m[35m (0.3ms)[0m  [1m[34mSELECT `schema_migrations`.`version` FROM `schema_migrations` ORDER BY `schema_migrations`.`version` ASC[0m
  [1m[35m (0.2ms)[0m  [1m[34mSELECT `schema_migrations`.`version` FROM `schema_migrations` ORDER BY `schema_migrations`.`version` ASC[0m
  [1m[35m (0.1ms)[0m  [1m[34mSELECT GET_LOCK('7131372650857082250', 0)[0m
  [1m[35m (0.2ms)[0m  [1m[34mSELECT `schema_migrations`.`version` FROM `schema_migrations` ORDER BY `schema_migrations`.`version` ASC[0m
Migrating to CreateUsers (20180318022658)
  [1m[35m (19.3ms)[0m  [1m[35mCREATE TABLE `users` (`id` bigint NOT NULL AUTO_INCREMENT PRIMARY KEY, `emails` varchar(50) NOT NULL, `password` varchar(30) NOT NULL, `created_at` datetime NOT NULL, `updated_at` datetime NOT NULL) ENGINE=InnoDB[0m
  [1m[35m (0.2ms)[0m  [1m[35mBEGIN[0m
  [1m[35mSQL (0.3ms)[0m  [1m[32mINSERT INTO `schema_migrations` (`version`) VALUES ('20180318022658')[0m
  [1m[35m (0.4ms)[0m  [1m[35mCOMMIT[0m
  [1m[36mActiveRecord::InternalMetadata Load (0.4ms)[0m  [1m[34mSELECT  `ar_internal_metadata`.* FROM `ar_internal_metadata` WHERE `ar_internal_metadata`.`key` = 'environment' LIMIT 1[0m
  [1m[35m (0.2ms)[0m  [1m[35mBEGIN[0m
  [1m[35m (0.1ms)[0m  [1m[35mCOMMIT[0m
  [1m[35m (0.2ms)[0m  [1m[34mSELECT RELEASE_LOCK('7131372650857082250')[0m
  [1m[35m (0.9ms)[0m  [1m[34mSELECT `schema_migrations`.`version` FROM `schema_migrations` ORDER BY `schema_migrations`.`version` ASC[0m
